
ElSn-BackEndTest-PipelineProject-Developmentaaa778899PRODUCTDevelopment already exists in stack arn: aws: cloudformation: us - west - 2: 211125473900: stack / ElSnPipelineStack / 54100bf0 - 46fe - 11ef - 9bdc - 0a32862768d5



PS C: \Users\16043\Documents\GitHub\e5 - 1\infrastructure > yarn cdk:pipeline deploy--profile steen - admin - 2 - v;
yarn run v1.22.22
warning package.json: No license field
warning ..\..\..\..\package.json: No license field
$ cross-env CDK_MODE=ONLY_PIPELINE cdk deploy --profile steen-admin-2 -v
CDK toolkit version: 2.34.0 (build 633edab)
Command line arguments: {
  _: [ 'deploy' ],
  profile: 'steen-admin-2',
  v: 1,
  verbose: 1,
  mode: 'ONLY_PIPELINE',
  lookups: true,
  'ignore-errors': false,
  ignoreErrors: false,
  json: false,
  j: false,
  debug: false,
  ec2creds: undefined,
  i: undefined,
  'version-reporting': undefined,
  versionReporting: undefined,
  'path-metadata': true,
  pathMetadata: true,
  'asset-metadata': true,
  assetMetadata: true,
  'role-arn': undefined,
  r: undefined,
  roleArn: undefined,
  staging: true,
  'no-color': false,
  noColor: false,
  ci: false,
  all: false,
  'build-exclude': [],
  E: [],
  buildExclude: [],
  execute: true,
  force: false,
  f: false,
  parameters: [ {} ],
  'previous-parameters': true,
  previousParameters: true,
  logs: true,
  '$0': 'node_modules\\aws-cdk\\bin\\cdk'
}
cdk.json: {
  "app": "npx ts-node --prefer-ts-exts bin/bin_stack.ts",
  "requireApproval": "never",
  "watch": {
    "include": [
      "**"
    ],
    "exclude": [
      "README.md",
      "cdk*.json",
      "**/*.d.ts",
      "**/*.js",
      "tsconfig.json",
      "package*.json",
      "yarn.lock",
      "node_modules",
      "test"
    ]
  },
  "context": {
    "@aws-cdk/aws-apigateway:usagePlanKeyOrderInsensitiveId": true,
    "@aws-cdk/core:stackRelativeExports": true,
    "@aws-cdk/aws-rds:lowercaseDbIdentifier": true,
    "@aws-cdk/aws-lambda:recognizeVersionProps": true,
    "@aws-cdk/aws-cloudfront:defaultSecurityPolicyTLSv1.2_2021": true,
    "@aws-cdk-containers/ecs-service-extensions:enableDefaultLogDriver": true,
    "@aws-cdk/aws-ec2:uniqueImdsv2TemplateName": true,
    "@aws-cdk/core:checkSecretUsage": true,
    "@aws-cdk/aws-iam:minimizePolicies": true,
    "@aws-cdk/core:target-partitions": [
      "aws",
      "aws-cn"
    ]
  }
}
cdk.context.json: {
  "hosted-zone:account=211125473900:domainName=steenhansen.click:region=us-west-2": {
    "Id": "/hostedzone/Z05156041G44MXH4CWR71",
    "Name": "steenhansen.click."
  },
  "availability-zones:account=211125473900:region=us-west-2": [
    "us-west-2a",
    "us-west-2b",
    "us-west-2c",
    "us-west-2d"
  ]
}
merged settings: {
  versionReporting: true,
  pathMetadata: true,
  output: 'cdk.out',
  app: 'npx ts-node --prefer-ts-exts bin/bin_stack.ts',
  requireApproval: 'never',
  watch: {
    include: [ '**' ],
    exclude: [
      'README.md',
      'cdk*.json',
      '**/*.d.ts',
      '**/*.js',
      'tsconfig.json',
      'package*.json',
      'yarn.lock',
      'node_modules',
      'test'
    ]
  },
  context: {
    '@aws-cdk/aws-apigateway:usagePlanKeyOrderInsensitiveId': true,
    '@aws-cdk/core:stackRelativeExports': true,
    '@aws-cdk/aws-rds:lowercaseDbIdentifier': true,
    '@aws-cdk/aws-lambda:recognizeVersionProps': true,
    '@aws-cdk/aws-cloudfront:defaultSecurityPolicyTLSv1.2_2021': true,
    '@aws-cdk-containers/ecs-service-extensions:enableDefaultLogDriver': true,
    '@aws-cdk/aws-ec2:uniqueImdsv2TemplateName': true,
    '@aws-cdk/core:checkSecretUsage': true,
    '@aws-cdk/aws-iam:minimizePolicies': true,
    '@aws-cdk/core:target-partitions': [ 'aws', 'aws-cn' ]
  },
  debug: false,
  assetMetadata: true,
  profile: 'steen-admin-2',
  toolkitBucket: {},
  staging: true,
  bundlingStacks: [ '*' ],
  lookups: true
}
Toolkit stack: CDKToolkit
Setting "CDK_DEFAULT_REGION" environment variable to us-west-2
Resolving default credentials
Reading cached notices from C:\Users\16043\.cdk\cache\notices.json
Retrieved account ID 211125473900 from disk cache
Setting "CDK_DEFAULT_ACCOUNT" environment variable to 211125473900
context: {
  'hosted-zone:account=211125473900:domainName=steenhansen.click:region=us-west-2': {
    Id: '/hostedzone/Z05156041G44MXH4CWR71',
    Name: 'steenhansen.click.'
  },
  'availability-zones:account=211125473900:region=us-west-2': [ 'us-west-2a', 'us-west-2b', 'us-west-2c', 'us-west-2d' ],
  '@aws-cdk/aws-apigateway:usagePlanKeyOrderInsensitiveId': true,
  '@aws-cdk/core:stackRelativeExports': true,
  '@aws-cdk/aws-rds:lowercaseDbIdentifier': true,
  '@aws-cdk/aws-lambda:recognizeVersionProps': true,
  '@aws-cdk/aws-cloudfront:defaultSecurityPolicyTLSv1.2_2021': true,
  '@aws-cdk-containers/ecs-service-extensions:enableDefaultLogDriver': true,
  '@aws-cdk/aws-ec2:uniqueImdsv2TemplateName': true,
  '@aws-cdk/core:checkSecretUsage': true,
  '@aws-cdk/aws-iam:minimizePolicies': true,
  '@aws-cdk/core:target-partitions': [ 'aws', 'aws-cn' ],
  'aws:cdk:enable-path-metadata': true,
  'aws:cdk:enable-asset-metadata': true,
  'aws:cdk:version-reporting': true,
  'aws:cdk:bundling-stacks': [ '*' ]
}
outdir: cdk.out
env: {
  CDK_DEFAULT_REGION: 'us-west-2',
  CDK_DEFAULT_ACCOUNT: '211125473900',
  CDK_CONTEXT_JSON: '{"hosted-zone:account=211125473900:domainName=steenhansen.click:region=us-west-2":{"Id":"/hostedzone/Z05156041G44MXH4CWR71","Name":"steenhansen.click."},"availability-zones:account=211125473900:region=us-west-2":["us-west-2a","us-west-2b","us-west-2c","us-west-2d"],"@aws-cdk/aws-apigateway:usagePlanKeyOrderInsensitiveId":true,"@aws-cdk/core:stackRelativeExports":true,"@aws-cdk/aws-rds:lowercaseDbIdentifier":true,"@aws-cdk/aws-lambda:recognizeVersionProps":true,"@aws-cdk/aws-cloudfront:defaultSecurityPolicyTLSv1.2_2021":true,"@aws-cdk-containers/ecs-service-extensions:enableDefaultLogDriver":true,"@aws-cdk/aws-ec2:uniqueImdsv2TemplateName":true,"@aws-cdk/core:checkSecretUsage":true,"@aws-cdk/aws-iam:minimizePolicies":true,"@aws-cdk/core:target-partitions":["aws","aws-cn"],"aws:cdk:enable-path-metadata":true,"aws:cdk:enable-asset-metadata":true,"aws:cdk:version-reporting":true,"aws:cdk:bundling-stacks":["*"]}',
  CDK_OUTDIR: 'cdk.out',
  CDK_CLI_ASM_VERSION: '20.0.0',
  CDK_CLI_VERSION: '2.34.0'
}

âœ¨  Synthesis time: 6.51s

ElSnPipelineStack: deploying...
Retrieved account ID 211125473900 from disk cache
Assuming role 'arn:aws:iam::211125473900:role/cdk-hnb659fds-deploy-role-211125473900-us-west-2'.
Waiting for stack CDKToolkit to finish creating or updating...
[0%] start: Publishing 43bb2b43e4913707a26c264844af2ca421af6d2a13ce7ec35d0b3f61b1caf454:211125473900-us-west-2
Retrieved account ID 211125473900 from disk cache
Assuming role 'arn:aws:iam::211125473900:role/cdk-hnb659fds-file-publishing-role-211125473900-us-west-2'.
[0%] check: Check s3://cdk-hnb659fds-assets-211125473900-us-west-2/43bb2b43e4913707a26c264844af2ca421af6d2a13ce7ec35d0b3f61b1caf454.json
[0%] upload: Upload s3://cdk-hnb659fds-assets-211125473900-us-west-2/43bb2b43e4913707a26c264844af2ca421af6d2a13ce7ec35d0b3f61b1caf454.json
[100%] success: Published 43bb2b43e4913707a26c264844af2ca421af6d2a13ce7ec35d0b3f61b1caf454:211125473900-us-west-2
Found existing stack ElSnPipelineStack that had previously failed creation. Deleting it before attempting to re-create it.
Waiting for stack ElSnPipelineStack to finish creating or updating...
Stack ElSnPipelineStack has an ongoing operation in progress and is not stable (DELETE_IN_PROGRESS (User Initiated))
Call failed: describeStacks({"StackName":"ElSnPipelineStack"}) => Stack with id ElSnPipelineStack does not exist (code=ValidationError)
Stack ElSnPipelineStack does not exist
ElSnPipelineStack: checking if we can skip deploy
ElSnPipelineStack: no existing stack
ElSnPipelineStack: deploying...
Attempting to create ChangeSet with name cdk-deploy-change-set to create stack ElSnPipelineStack
ElSnPipelineStack: creating CloudFormation changeset...
Initiated creation of changeset: arn:aws:cloudformation:us-west-2:211125473900:changeSet/cdk-deploy-change-set/b7c0a6fa-dd24-431c-b6b4-9d9952a78cd6; waiting for it to finish creating...
Waiting for changeset cdk-deploy-change-set on stack ElSnPipelineStack to finish creating...
Changeset cdk-deploy-change-set on stack ElSnPipelineStack is still creating
Changeset cdk-deploy-change-set on stack ElSnPipelineStack is still creating
Initiating execution of changeset arn:aws:cloudformation:us-west-2:211125473900:changeSet/cdk-deploy-change-set/b7c0a6fa-dd24-431c-b6b4-9d9952a78cd6 on stack ElSnPipelineStack
Execution of changeset arn:aws:cloudformation:us-west-2:211125473900:changeSet/cdk-deploy-change-set/b7c0a6fa-dd24-431c-b6b4-9d9952a78cd6 on stack ElSnPipelineStack has started; waiting for the update to complete...
Waiting for stack ElSnPipelineStack to finish creating or updating...
Stack ElSnPipelineStack has an ongoing operation in progress and is not stable (CREATE_IN_PROGRESS (User Initiated))
ElSnPipelineStack |  0/58 | 6:12:42 PM | REVIEW_IN_PROGRESS   | AWS::CloudFormation::Stack                   | ElSnPipelineStack User Initiated
ElSnPipelineStack |  0/58 | 6:12:52 PM | CREATE_IN_PROGRESS   | AWS::CloudFormation::Stack                   | ElSnPipelineStack User Initiated
ElSnPipelineStack |  0/58 | 6:12:57 PM | CREATE_IN_PROGRESS   | AWS::KMS::Key                                | BackendTest-Pipeline-Development/ArtifactsBucketEncryptionKey (BackendTestPipelineDevelopmentArtifactsBucketEncryptionKey4F0771FB)
ElSnPipelineStack |  0/58 | 6:12:57 PM | CREATE_IN_PROGRESS   | AWS::CDK::Metadata                           | CDKMetadata/Default (CDKMetadata)
ElSnPipelineStack |  0/58 | 6:12:57 PM | CREATE_IN_PROGRESS   | AWS::IAM::Role                               | ElSn-FrontEndTest-PipelineProject-Production/Role (ElSnFrontEndTestPipelineProjectProductionRoleB092D041)
ElSnPipelineStack |  0/58 | 6:12:57 PM | CREATE_IN_PROGRESS   | AWS::SNS::Topic                              | ElSn-Pipeline-Dev/Development-Pipeline-SlackNotificationsTopic (ElSnPipelineDevDevelopmentPipelineSlackNotificationsTopic98DA525C)
ElSnPipelineStack |  0/58 | 6:12:57 PM | CREATE_IN_PROGRESS   | AWS::IAM::Role                               | ElSn-Pipeline-Prod/ElSn-BackEndTest-PipelineProject-Productionaaa778899PRODUCTProduction/Role (ElSnPipelineProdElSnBackEndTestPipelineProjectProductionaaa778899PRODUCTProductionRoleFAE657E1)
ElSnPipelineStack |  0/58 | 6:12:57 PM | CREATE_IN_PROGRESS   | AWS::IAM::Role                               | ElSn-Pipeline-Dev/SlackChannel/ConfigurationRole (ElSnPipelineDevSlackChannelConfigurationRoleB2D910BA)
ElSnPipelineStack |  0/58 | 6:12:57 PM | CREATE_IN_PROGRESS   | AWS::IAM::Role                               | BackendTest-Pipeline-Production/Back-End-Test/Back-End-Test/CodePipelineActionRole (BackendTestPipelineProductionBackEndTestCodePipelineActionRoleBAD11ABB)
ElSnPipelineStack |  0/58 | 6:12:57 PM | CREATE_IN_PROGRESS   | AWS::IAM::Role                               | BackendTest-Pipeline-Production/Role (BackendTestPipelineProductionRoleA72A3722)
ElSnPipelineStack |  0/58 | 6:12:57 PM | CREATE_IN_PROGRESS   | AWS::IAM::Role                               | BackendTest-Pipeline-Development/Back-End-Test/Back-End-Test/CodePipelineActionRole (BackendTestPipelineDevelopmentBackEndTestCodePipelineActionRole99455031)
ElSnPipelineStack |  0/58 | 6:12:57 PM | CREATE_IN_PROGRESS   | AWS::IAM::Role                               | BackendTest-Pipeline-Development/Front-End-Test/Front-End-Test/CodePipelineActionRole (BackendTestPipelineDevelopmentFrontEndTestCodePipelineActionRoleC3872834)
ElSnPipelineStack |  0/58 | 6:12:57 PM | CREATE_IN_PROGRESS   | AWS::IAM::Role                               | ElSn-Pipeline-Dev/ElSn-BackEndTest-PipelineProject-Developmentaaa778899PRODUCTDevelopment/Role (ElSnPipelineDevElSnBackEndTestPipelineProjectDevelopmentaaa778899PRODUCTDevelopmentRole5569141D)
ElSnPipelineStack |  0/58 | 6:12:57 PM | CREATE_IN_PROGRESS   | AWS::SNS::Topic                              | ElSn-Pipeline-Prod/Production-Pipeline-SlackNotificationsTopic (ElSnPipelineProdProductionPipelineSlackNotificationsTopicF6C9FB94)
ElSnPipelineStack |  0/58 | 6:12:57 PM | CREATE_IN_PROGRESS   | AWS::IAM::Role                               | ElSn-FrontEndTest-PipelineProject-Development/Role (ElSnFrontEndTestPipelineProjectDevelopmentRole2BDD21CA)
ElSnPipelineStack |  0/58 | 6:12:57 PM | CREATE_IN_PROGRESS   | AWS::IAM::Role                               | BackendTest-Pipeline-Production/Front-End-Test/Front-End-Test/CodePipelineActionRole (BackendTestPipelineProductionFrontEndTestCodePipelineActionRoleCBDF2EEE)
ElSnPipelineStack |  0/58 | 6:12:57 PM | CREATE_IN_PROGRESS   | AWS::IAM::Role                               | BackendTest-Pipeline-Development/Role (BackendTestPipelineDevelopmentRoleC7844028)
ElSnPipelineStack |  0/58 | 6:12:57 PM | CREATE_IN_PROGRESS   | AWS::IAM::Role                               | BackendTest-Pipeline-Development/Build-and-Deploy/Build-and-Deploy-Front-and-Back-End/CodePipelineActionRole (BackendTestPipelineDevelopmentBuildandDeployBuildandDeployFrontandBackEndCodePipelineActionRole3FAF86B2)
ElSnPipelineStack |  0/58 | 6:12:57 PM | CREATE_IN_PROGRESS   | AWS::IAM::Role                               | ElSn-Pipeline-Prod/SlackChannel/ConfigurationRole (ElSnPipelineProdSlackChannelConfigurationRoleD1C032D1)
ElSnPipelineStack |  0/58 | 6:12:57 PM | CREATE_IN_PROGRESS   | AWS::IAM::Role                               | BackendTest-Pipeline-Production/Build-and-Deploy/Build-and-Deploy-Front-and-Back-End/CodePipelineActionRole (BackendTestPipelineProductionBuildandDeployBuildandDeployFrontandBackEndCodePipelineActionRoleC28C6FCE)
ElSnPipelineStack |  0/58 | 6:12:57 PM | CREATE_IN_PROGRESS   | AWS::IAM::Role                               | ElSn-BackEndTest-PipelineProject-Developmentaaa778899PRODUCTDevelopment/Role (ElSnBackEndTestPipelineProjectDevelopmentaaa778899PRODUCTDevelopmentRole5D0AAB77)
ElSnPipelineStack |  0/58 | 6:12:57 PM | CREATE_IN_PROGRESS   | AWS::KMS::Key                                | BackendTest-Pipeline-Production/ArtifactsBucketEncryptionKey (BackendTestPipelineProductionArtifactsBucketEncryptionKeyDF91F1D8)
ElSnPipelineStack |  0/58 | 6:12:57 PM | CREATE_IN_PROGRESS   | AWS::IAM::Role                               | ElSn-BackEndTest-PipelineProject-Productionaaa778899PRODUCTProduction/Role (ElSnBackEndTestPipelineProjectProductionaaa778899PRODUCTProductionRole8823DA62)
Stack ElSnPipelineStack has an ongoing operation in progress and is not stable (CREATE_IN_PROGRESS)
ElSnPipelineStack |  0/58 | 6:12:58 PM | CREATE_IN_PROGRESS   | AWS::KMS::Key                                | BackendTest-Pipeline-Development/ArtifactsBucketEncryptionKey (BackendTestPipelineDevelopmentArtifactsBucketEncryptionKey4F0771FB) Resource creation Initiated
ElSnPipelineStack |  0/58 | 6:12:58 PM | CREATE_IN_PROGRESS   | AWS::IAM::Role                               | ElSn-Pipeline-Prod/ElSn-BackEndTest-PipelineProject-Productionaaa778899PRODUCTProduction/Role (ElSnPipelineProdElSnBackEndTestPipelineProjectProductionaaa778899PRODUCTProductionRoleFAE657E1) Resource creation Initiated
ElSnPipelineStack |  0/58 | 6:12:58 PM | CREATE_IN_PROGRESS   | AWS::SNS::Topic                              | ElSn-Pipeline-Prod/Production-Pipeline-SlackNotificationsTopic (ElSnPipelineProdProductionPipelineSlackNotificationsTopicF6C9FB94) Resource creation Initiated
ElSnPipelineStack |  0/58 | 6:12:58 PM | CREATE_IN_PROGRESS   | AWS::IAM::Role                               | ElSn-Pipeline-Dev/ElSn-BackEndTest-PipelineProject-Developmentaaa778899PRODUCTDevelopment/Role (ElSnPipelineDevElSnBackEndTestPipelineProjectDevelopmentaaa778899PRODUCTDevelopmentRole5569141D) Resource creation Initiated
ElSnPipelineStack |  0/58 | 6:12:58 PM | CREATE_IN_PROGRESS   | AWS::IAM::Role                               | BackendTest-Pipeline-Development/Front-End-Test/Front-End-Test/CodePipelineActionRole (BackendTestPipelineDevelopmentFrontEndTestCodePipelineActionRoleC3872834) Resource creation Initiated
ElSnPipelineStack |  0/58 | 6:12:58 PM | CREATE_IN_PROGRESS   | AWS::SNS::Topic                              | ElSn-Pipeline-Dev/Development-Pipeline-SlackNotificationsTopic (ElSnPipelineDevDevelopmentPipelineSlackNotificationsTopic98DA525C) Resource creation Initiated
ElSnPipelineStack |  0/58 | 6:12:58 PM | CREATE_IN_PROGRESS   | AWS::IAM::Role                               | BackendTest-Pipeline-Development/Build-and-Deploy/Build-and-Deploy-Front-and-Back-End/CodePipelineActionRole (BackendTestPipelineDevelopmentBuildandDeployBuildandDeployFrontandBackEndCodePipelineActionRole3FAF86B2) Resource creation Initiated
ElSnPipelineStack |  0/58 | 6:12:58 PM | CREATE_IN_PROGRESS   | AWS::IAM::Role                               | ElSn-BackEndTest-PipelineProject-Developmentaaa778899PRODUCTDevelopment/Role (ElSnBackEndTestPipelineProjectDevelopmentaaa778899PRODUCTDevelopmentRole5D0AAB77) Resource creation Initiated
ElSnPipelineStack |  0/58 | 6:12:58 PM | CREATE_IN_PROGRESS   | AWS::IAM::Role                               | ElSn-FrontEndTest-PipelineProject-Production/Role (ElSnFrontEndTestPipelineProjectProductionRoleB092D041) Resource creation Initiated
ElSnPipelineStack |  0/58 | 6:12:58 PM | CREATE_IN_PROGRESS   | AWS::IAM::Role                               | BackendTest-Pipeline-Production/Back-End-Test/Back-End-Test/CodePipelineActionRole (BackendTestPipelineProductionBackEndTestCodePipelineActionRoleBAD11ABB) Resource creation Initiated
ElSnPipelineStack |  0/58 | 6:12:58 PM | CREATE_IN_PROGRESS   | AWS::IAM::Role                               | ElSn-Pipeline-Dev/SlackChannel/ConfigurationRole (ElSnPipelineDevSlackChannelConfigurationRoleB2D910BA) Resource creation Initiated
ElSnPipelineStack |  0/58 | 6:12:58 PM | CREATE_IN_PROGRESS   | AWS::IAM::Role                               | BackendTest-Pipeline-Production/Role (BackendTestPipelineProductionRoleA72A3722) Resource creation Initiated
ElSnPipelineStack |  0/58 | 6:12:58 PM | CREATE_IN_PROGRESS   | AWS::KMS::Key                                | BackendTest-Pipeline-Production/ArtifactsBucketEncryptionKey (BackendTestPipelineProductionArtifactsBucketEncryptionKeyDF91F1D8) Resource creation Initiated
ElSnPipelineStack |  0/58 | 6:12:58 PM | CREATE_IN_PROGRESS   | AWS::CDK::Metadata                           | CDKMetadata/Default (CDKMetadata) Resource creation Initiated
ElSnPipelineStack |  0/58 | 6:12:58 PM | CREATE_IN_PROGRESS   | AWS::IAM::Role                               | BackendTest-Pipeline-Production/Build-and-Deploy/Build-and-Deploy-Front-and-Back-End/CodePipelineActionRole (BackendTestPipelineProductionBuildandDeployBuildandDeployFrontandBackEndCodePipelineActionRoleC28C6FCE) Resource creation Initiated
ElSnPipelineStack |  0/58 | 6:12:58 PM | CREATE_IN_PROGRESS   | AWS::IAM::Role                               | ElSn-Pipeline-Prod/SlackChannel/ConfigurationRole (ElSnPipelineProdSlackChannelConfigurationRoleD1C032D1) Resource creation Initiated
ElSnPipelineStack |  0/58 | 6:12:58 PM | CREATE_IN_PROGRESS   | AWS::IAM::Role                               | BackendTest-Pipeline-Development/Role (BackendTestPipelineDevelopmentRoleC7844028) Resource creation Initiated
ElSnPipelineStack |  0/58 | 6:12:58 PM | CREATE_IN_PROGRESS   | AWS::IAM::Role                               | ElSn-FrontEndTest-PipelineProject-Development/Role (ElSnFrontEndTestPipelineProjectDevelopmentRole2BDD21CA) Resource creation Initiated
ElSnPipelineStack |  0/58 | 6:12:58 PM | CREATE_IN_PROGRESS   | AWS::IAM::Role                               | BackendTest-Pipeline-Production/Front-End-Test/Front-End-Test/CodePipelineActionRole (BackendTestPipelineProductionFrontEndTestCodePipelineActionRoleCBDF2EEE) Resource creation Initiated
ElSnPipelineStack |  0/58 | 6:12:58 PM | CREATE_IN_PROGRESS   | AWS::IAM::Role                               | BackendTest-Pipeline-Development/Back-End-Test/Back-End-Test/CodePipelineActionRole (BackendTestPipelineDevelopmentBackEndTestCodePipelineActionRole99455031) Resource creation Initiated
ElSnPipelineStack |  1/58 | 6:12:58 PM | CREATE_COMPLETE      | AWS::CDK::Metadata                           | CDKMetadata/Default (CDKMetadata)
ElSnPipelineStack |  2/58 | 6:12:58 PM | CREATE_COMPLETE      | AWS::SNS::Topic                              | ElSn-Pipeline-Prod/Production-Pipeline-SlackNotificationsTopic (ElSnPipelineProdProductionPipelineSlackNotificationsTopicF6C9FB94)
ElSnPipelineStack |  3/58 | 6:12:58 PM | CREATE_COMPLETE      | AWS::SNS::Topic                              | ElSn-Pipeline-Dev/Development-Pipeline-SlackNotificationsTopic (ElSnPipelineDevDevelopmentPipelineSlackNotificationsTopic98DA525C)
ElSnPipelineStack |  3/58 | 6:12:58 PM | CREATE_IN_PROGRESS   | AWS::IAM::Role                               | ElSn-BackEndTest-PipelineProject-Productionaaa778899PRODUCTProduction/Role (ElSnBackEndTestPipelineProjectProductionaaa778899PRODUCTProductionRole8823DA62) Resource creation Initiated
ElSnPipelineStack |  3/58 | 6:12:59 PM | CREATE_IN_PROGRESS   | AWS::KMS::Key                                | BackendTest-Pipeline-Development/ArtifactsBucketEncryptionKey (BackendTestPipelineDevelopmentArtifactsBucketEncryptionKey4F0771FB) Eventual consistency check initiated
ElSnPipelineStack |  3/58 | 6:12:59 PM | CREATE_IN_PROGRESS   | AWS::SNS::TopicPolicy                        | ElSn-Pipeline-Dev/Development-Pipeline-SlackNotificationsTopic/Policy (ElSnPipelineDevDevelopmentPipelineSlackNotificationsTopicPolicyC3D0544C)
ElSnPipelineStack |  3/58 | 6:12:59 PM | CREATE_IN_PROGRESS   | AWS::SNS::TopicPolicy                        | ElSn-Pipeline-Prod/Production-Pipeline-SlackNotificationsTopic/Policy (ElSnPipelineProdProductionPipelineSlackNotificationsTopicPolicy70026DA2)
ElSnPipelineStack |  3/58 | 6:12:59 PM | CREATE_IN_PROGRESS   | AWS::KMS::Key                                | BackendTest-Pipeline-Production/ArtifactsBucketEncryptionKey (BackendTestPipelineProductionArtifactsBucketEncryptionKeyDF91F1D8) Eventual consistency check initiated
ElSnPipelineStack |  3/58 | 6:12:59 PM | CREATE_IN_PROGRESS   | AWS::KMS::Alias                              | BackendTest-Pipeline-Development/ArtifactsBucketEncryptionKeyAlias (BackendTestPipelineDevelopmentArtifactsBucketEncryptionKeyAliasE385BF9E)
ElSnPipelineStack |  3/58 | 6:12:59 PM | CREATE_IN_PROGRESS   | AWS::KMS::Alias                              | BackendTest-Pipeline-Production/ArtifactsBucketEncryptionKeyAlias (BackendTestPipelineProductionArtifactsBucketEncryptionKeyAlias95F88085)
ElSnPipelineStack |  3/58 | 6:12:59 PM | CREATE_IN_PROGRESS   | AWS::SNS::TopicPolicy                        | ElSn-Pipeline-Dev/Development-Pipeline-SlackNotificationsTopic/Policy (ElSnPipelineDevDevelopmentPipelineSlackNotificationsTopicPolicyC3D0544C) Resource creation Initiated
ElSnPipelineStack |  4/58 | 6:13:00 PM | CREATE_COMPLETE      | AWS::SNS::TopicPolicy                        | ElSn-Pipeline-Dev/Development-Pipeline-SlackNotificationsTopic/Policy (ElSnPipelineDevDevelopmentPipelineSlackNotificationsTopicPolicyC3D0544C)
ElSnPipelineStack |  4/58 | 6:13:00 PM | CREATE_IN_PROGRESS   | AWS::KMS::Alias                              | BackendTest-Pipeline-Development/ArtifactsBucketEncryptionKeyAlias (BackendTestPipelineDevelopmentArtifactsBucketEncryptionKeyAliasE385BF9E) Resource creation Initiated
ElSnPipelineStack |  4/58 | 6:13:00 PM | CREATE_IN_PROGRESS   | AWS::KMS::Alias                              | BackendTest-Pipeline-Production/ArtifactsBucketEncryptionKeyAlias (BackendTestPipelineProductionArtifactsBucketEncryptionKeyAlias95F88085) Resource creation Initiated
ElSnPipelineStack |  4/58 | 6:13:01 PM | CREATE_IN_PROGRESS   | AWS::SNS::TopicPolicy                        | ElSn-Pipeline-Prod/Production-Pipeline-SlackNotificationsTopic/Policy (ElSnPipelineProdProductionPipelineSlackNotificationsTopicPolicy70026DA2) Resource creation Initiated
ElSnPipelineStack |  5/58 | 6:13:02 PM | CREATE_COMPLETE      | AWS::SNS::TopicPolicy                        | ElSn-Pipeline-Prod/Production-Pipeline-SlackNotificationsTopic/Policy (ElSnPipelineProdProductionPipelineSlackNotificationsTopicPolicy70026DA2)
Stack ElSnPipelineStack has an ongoing operation in progress and is not stable (CREATE_IN_PROGRESS)
Stack ElSnPipelineStack has an ongoing operation in progress and is not stable (CREATE_IN_PROGRESS)
Stack ElSnPipelineStack has an ongoing operation in progress and is not stable (CREATE_IN_PROGRESS)
ElSnPipelineStack |  6/58 | 6:13:13 PM | CREATE_COMPLETE      | AWS::KMS::Key                                | BackendTest-Pipeline-Development/ArtifactsBucketEncryptionKey (BackendTestPipelineDevelopmentArtifactsBucketEncryptionKey4F0771FB)
Stack ElSnPipelineStack has an ongoing operation in progress and is not stable (ROLLBACK_IN_PROGRESS)
ElSnPipelineStack |  7/58 | 6:13:14 PM | CREATE_COMPLETE      | AWS::KMS::Key                                | BackendTest-Pipeline-Production/ArtifactsBucketEncryptionKey (BackendTestPipelineProductionArtifactsBucketEncryptionKeyDF91F1D8)
ElSnPipelineStack |  7/58 | 6:13:14 PM | CREATE_IN_PROGRESS   | AWS::S3::Bucket                              | BackendTest-Pipeline-Development/ArtifactsBucket (BackendTestPipelineDevelopmentArtifactsBucket4BE3EF80)
ElSnPipelineStack |  8/58 | 6:13:14 PM | CREATE_COMPLETE      | AWS::IAM::Role                               | ElSn-Pipeline-Prod/ElSn-BackEndTest-PipelineProject-Productionaaa778899PRODUCTProduction/Role (ElSnPipelineProdElSnBackEndTestPipelineProjectProductionaaa778899PRODUCTProductionRoleFAE657E1)
ElSnPipelineStack |  9/58 | 6:13:14 PM | CREATE_COMPLETE      | AWS::IAM::Role                               | ElSn-Pipeline-Dev/ElSn-BackEndTest-PipelineProject-Developmentaaa778899PRODUCTDevelopment/Role (ElSnPipelineDevElSnBackEndTestPipelineProjectDevelopmentaaa778899PRODUCTDevelopmentRole5569141D)
ElSnPipelineStack | 10/58 | 6:13:14 PM | CREATE_COMPLETE      | AWS::IAM::Role                               | BackendTest-Pipeline-Development/Front-End-Test/Front-End-Test/CodePipelineActionRole (BackendTestPipelineDevelopmentFrontEndTestCodePipelineActionRoleC3872834)
ElSnPipelineStack | 11/58 | 6:13:14 PM | CREATE_COMPLETE      | AWS::IAM::Role                               | BackendTest-Pipeline-Development/Build-and-Deploy/Build-and-Deploy-Front-and-Back-End/CodePipelineActionRole (BackendTestPipelineDevelopmentBuildandDeployBuildandDeployFrontandBackEndCodePipelineActionRole3FAF86B2)
ElSnPipelineStack | 12/58 | 6:13:14 PM | CREATE_COMPLETE      | AWS::IAM::Role                               | ElSn-BackEndTest-PipelineProject-Developmentaaa778899PRODUCTDevelopment/Role (ElSnBackEndTestPipelineProjectDevelopmentaaa778899PRODUCTDevelopmentRole5D0AAB77)
ElSnPipelineStack | 13/58 | 6:13:14 PM | CREATE_COMPLETE      | AWS::IAM::Role                               | ElSn-FrontEndTest-PipelineProject-Production/Role (ElSnFrontEndTestPipelineProjectProductionRoleB092D041)
ElSnPipelineStack | 14/58 | 6:13:14 PM | CREATE_COMPLETE      | AWS::IAM::Role                               | BackendTest-Pipeline-Production/Back-End-Test/Back-End-Test/CodePipelineActionRole (BackendTestPipelineProductionBackEndTestCodePipelineActionRoleBAD11ABB)
ElSnPipelineStack | 14/58 | 6:13:14 PM | CREATE_IN_PROGRESS   | AWS::S3::Bucket                              | BackendTest-Pipeline-Production/ArtifactsBucket (BackendTestPipelineProductionArtifactsBucket937C6F73)
ElSnPipelineStack | 15/58 | 6:13:14 PM | CREATE_COMPLETE      | AWS::IAM::Role                               | ElSn-Pipeline-Dev/SlackChannel/ConfigurationRole (ElSnPipelineDevSlackChannelConfigurationRoleB2D910BA)
ElSnPipelineStack | 16/58 | 6:13:14 PM | CREATE_COMPLETE      | AWS::IAM::Role                               | ElSn-FrontEndTest-PipelineProject-Development/Role (ElSnFrontEndTestPipelineProjectDevelopmentRole2BDD21CA)
ElSnPipelineStack | 17/58 | 6:13:14 PM | CREATE_COMPLETE      | AWS::IAM::Role                               | BackendTest-Pipeline-Development/Role (BackendTestPipelineDevelopmentRoleC7844028)
ElSnPipelineStack | 18/58 | 6:13:14 PM | CREATE_COMPLETE      | AWS::IAM::Role                               | ElSn-Pipeline-Prod/SlackChannel/ConfigurationRole (ElSnPipelineProdSlackChannelConfigurationRoleD1C032D1)
ElSnPipelineStack | 19/58 | 6:13:14 PM | CREATE_COMPLETE      | AWS::IAM::Role                               | BackendTest-Pipeline-Production/Role (BackendTestPipelineProductionRoleA72A3722)
ElSnPipelineStack | 20/58 | 6:13:14 PM | CREATE_COMPLETE      | AWS::IAM::Role                               | BackendTest-Pipeline-Production/Build-and-Deploy/Build-and-Deploy-Front-and-Back-End/CodePipelineActionRole (BackendTestPipelineProductionBuildandDeployBuildandDeployFrontandBackEndCodePipelineActionRoleC28C6FCE)
ElSnPipelineStack | 21/58 | 6:13:14 PM | CREATE_COMPLETE      | AWS::IAM::Role                               | BackendTest-Pipeline-Production/Front-End-Test/Front-End-Test/CodePipelineActionRole (BackendTestPipelineProductionFrontEndTestCodePipelineActionRoleCBDF2EEE)
ElSnPipelineStack | 22/58 | 6:13:14 PM | CREATE_COMPLETE      | AWS::IAM::Role                               | BackendTest-Pipeline-Development/Back-End-Test/Back-End-Test/CodePipelineActionRole (BackendTestPipelineDevelopmentBackEndTestCodePipelineActionRole99455031)
ElSnPipelineStack | 23/58 | 6:13:14 PM | CREATE_COMPLETE      | AWS::IAM::Role                               | ElSn-BackEndTest-PipelineProject-Productionaaa778899PRODUCTProduction/Role (ElSnBackEndTestPipelineProjectProductionaaa778899PRODUCTProductionRole8823DA62)
ElSnPipelineStack | 23/58 | 6:13:15 PM | CREATE_IN_PROGRESS   | AWS::CodeBuild::Project                      | ElSn-Pipeline-Prod/ElSn-BackEndTest-PipelineProject-Productionaaa778899PRODUCTProduction (ElSnPipelineProdElSnBackEndTestPipelineProjectProductionaaa778899PRODUCTProductionB49D58A0)
ElSnPipelineStack | 23/58 | 6:13:15 PM | CREATE_IN_PROGRESS   | AWS::S3::Bucket                              | BackendTest-Pipeline-Development/ArtifactsBucket (BackendTestPipelineDevelopmentArtifactsBucket4BE3EF80) Resource creation Initiated
ElSnPipelineStack | 23/58 | 6:13:15 PM | CREATE_IN_PROGRESS   | AWS::CodeBuild::Project                      | ElSn-Pipeline-Dev/ElSn-BackEndTest-PipelineProject-Developmentaaa778899PRODUCTDevelopment (ElSnPipelineDevElSnBackEndTestPipelineProjectDevelopmentaaa778899PRODUCTDevelopmentCA963B1A)
ElSnPipelineStack | 23/58 | 6:13:15 PM | CREATE_IN_PROGRESS   | AWS::CodeBuild::Project                      | ElSn-FrontEndTest-PipelineProject-Production (ElSnFrontEndTestPipelineProjectProduction06E2AF98)
ElSnPipelineStack | 23/58 | 6:13:15 PM | CREATE_IN_PROGRESS   | AWS::CodeBuild::Project                      | ElSn-FrontEndTest-PipelineProject-Development (ElSnFrontEndTestPipelineProjectDevelopment73B910AD)
ElSnPipelineStack | 23/58 | 6:13:15 PM | CREATE_IN_PROGRESS   | AWS::CodeBuild::Project                      | ElSn-BackEndTest-PipelineProject-Developmentaaa778899PRODUCTDevelopment (ElSnBackEndTestPipelineProjectDevelopmentaaa778899PRODUCTDevelopment2A6F6BF1)
ElSnPipelineStack | 23/58 | 6:13:15 PM | CREATE_IN_PROGRESS   | AWS::Chatbot::SlackChannelConfiguration      | ElSn-Pipeline-Dev/SlackChannel (ElSnPipelineDevSlackChannel9D725597)
ElSnPipelineStack | 23/58 | 6:13:15 PM | CREATE_IN_PROGRESS   | AWS::Chatbot::SlackChannelConfiguration      | ElSn-Pipeline-Prod/SlackChannel (ElSnPipelineProdSlackChannelDFB9147C)
ElSnPipelineStack | 23/58 | 6:13:15 PM | CREATE_FAILED        | AWS::CodeBuild::Project                      | ElSn-BackEndTest-PipelineProject-Developmentaaa778899PRODUCTDevelopment (ElSnBackEndTestPipelineProjectDevelopmentaaa778899PRODUCTDevelopment2A6F6BF1) ElSn-BackEndTest-PipelineProject-Developmentaaa778899PRODUCTDevelopment already exists in stack arn:aws:cloudformation:us-west-2:211125473900:stack/ElSnPipelineStack/54100bf0-46fe-11ef-9bdc-0a32862768d5
ElSnPipelineStack | 23/58 | 6:13:15 PM | CREATE_IN_PROGRESS   | AWS::S3::Bucket                              | BackendTest-Pipeline-Production/ArtifactsBucket (BackendTestPipelineProductionArtifactsBucket937C6F73) Resource creation Initiated
ElSnPipelineStack | 23/58 | 6:13:16 PM | CREATE_IN_PROGRESS   | AWS::CodeBuild::Project                      | ElSn-BackEndTest-PipelineProject-Productionaaa778899PRODUCTProduction (ElSnBackEndTestPipelineProjectProductionaaa778899PRODUCTProduction48BD22B1)
ElSnPipelineStack | 23/58 | 6:13:16 PM | CREATE_FAILED        | AWS::S3::Bucket                              | BackendTest-Pipeline-Production/ArtifactsBucket (BackendTestPipelineProductionArtifactsBucket937C6F73) Resource creation cancelled
ElSnPipelineStack | 23/58 | 6:13:16 PM | CREATE_FAILED        | AWS::CodeBuild::Project                      | ElSn-Pipeline-Prod/ElSn-BackEndTest-PipelineProject-Productionaaa778899PRODUCTProduction (ElSnPipelineProdElSnBackEndTestPipelineProjectProductionaaa778899PRODUCTProductionB49D58A0) Resource creation cancelled
ElSnPipelineStack | 23/58 | 6:13:16 PM | CREATE_FAILED        | AWS::CodeBuild::Project                      | ElSn-Pipeline-Dev/ElSn-BackEndTest-PipelineProject-Developmentaaa778899PRODUCTDevelopment (ElSnPipelineDevElSnBackEndTestPipelineProjectDevelopmentaaa778899PRODUCTDevelopmentCA963B1A) Resource creation cancelled
ElSnPipelineStack | 23/58 | 6:13:16 PM | CREATE_FAILED        | AWS::CodeBuild::Project                      | ElSn-FrontEndTest-PipelineProject-Development (ElSnFrontEndTestPipelineProjectDevelopment73B910AD) Resource creation cancelled
ElSnPipelineStack | 23/58 | 6:13:16 PM | CREATE_FAILED        | AWS::CodeBuild::Project                      | ElSn-FrontEndTest-PipelineProject-Production (ElSnFrontEndTestPipelineProjectProduction06E2AF98) Resource creation cancelled
ElSnPipelineStack | 23/58 | 6:13:16 PM | CREATE_FAILED        | AWS::S3::Bucket                              | BackendTest-Pipeline-Development/ArtifactsBucket (BackendTestPipelineDevelopmentArtifactsBucket4BE3EF80) Resource creation cancelled
ElSnPipelineStack | 23/58 | 6:13:16 PM | CREATE_FAILED        | AWS::KMS::Alias                              | BackendTest-Pipeline-Production/ArtifactsBucketEncryptionKeyAlias (BackendTestPipelineProductionArtifactsBucketEncryptionKeyAlias95F88085) Resource creation cancelled
ElSnPipelineStack | 23/58 | 6:13:16 PM | CREATE_FAILED        | AWS::KMS::Alias                              | BackendTest-Pipeline-Development/ArtifactsBucketEncryptionKeyAlias (BackendTestPipelineDevelopmentArtifactsBucketEncryptionKeyAliasE385BF9E) Resource creation cancelled
ElSnPipelineStack | 23/58 | 6:13:16 PM | CREATE_FAILED        | AWS::Chatbot::SlackChannelConfiguration      | ElSn-Pipeline-Prod/SlackChannel (ElSnPipelineProdSlackChannelDFB9147C) Resource creation cancelled
ElSnPipelineStack | 23/58 | 6:13:16 PM | CREATE_FAILED        | AWS::Chatbot::SlackChannelConfiguration      | ElSn-Pipeline-Dev/SlackChannel (ElSnPipelineDevSlackChannel9D725597) Resource creation cancelled
ElSnPipelineStack | 23/58 | 6:13:16 PM | ROLLBACK_IN_PROGRESS | AWS::CloudFormation::Stack                   | ElSnPipelineStack The following resource(s) failed to create: [ElSnPipelineProdElSnBackEndTestPipelineProjectProductionaaa778899PRODUCTProductionB49D58A0, ElSnPipelineDevSlackChannel9D725597, ElSnFrontEndTestPipelineProjectProduction06E2AF98, ElSnPipelineProdSlackChannelDFB9147C, ElSnPipelineDevElSnBackEndTestPipelineProjectDevelopmentaaa778899PRODUCTDevelopmentCA963B1A, ElSnFrontEndTestPipelineProjectDevelopment73B910AD, BackendTestPipelineDevelopmentArtifactsBucket4BE3EF80, BackendTestPipelineProductionArtifactsBucket937C6F73, BackendTestPipelineProductionArtifactsBucketEncryptionKeyAlias95F88085, ElSnBackEndTestPipelineProjectDevelopmentaaa778899PRODUCTDevelopment2A6F6BF1, BackendTestPipelineDevelopmentArtifactsBucketEncryptionKeyAliasE385BF9E]. Rollback requested by user.
ElSnPipelineStack | 23/58 | 6:13:18 PM | DELETE_IN_PROGRESS   | AWS::IAM::Role                               | BackendTest-Pipeline-Production/Role (BackendTestPipelineProductionRoleA72A3722)
ElSnPipelineStack | 23/58 | 6:13:18 PM | DELETE_IN_PROGRESS   | AWS::IAM::Role                               | BackendTest-Pipeline-Production/Build-and-Deploy/Build-and-Deploy-Front-and-Back-End/CodePipelineActionRole (BackendTestPipelineProductionBuildandDeployBuildandDeployFrontandBackEndCodePipelineActionRoleC28C6FCE)
ElSnPipelineStack | 23/58 | 6:13:18 PM | DELETE_IN_PROGRESS   | AWS::SNS::TopicPolicy                        | ElSn-Pipeline-Dev/Development-Pipeline-SlackNotificationsTopic/Policy (ElSnPipelineDevDevelopmentPipelineSlackNotificationsTopicPolicyC3D0544C)
ElSnPipelineStack | 23/58 | 6:13:18 PM | DELETE_IN_PROGRESS   | AWS::IAM::Role                               | BackendTest-Pipeline-Development/Back-End-Test/Back-End-Test/CodePipelineActionRole (BackendTestPipelineDevelopmentBackEndTestCodePipelineActionRole99455031)
ElSnPipelineStack | 23/58 | 6:13:18 PM | DELETE_IN_PROGRESS   | AWS::KMS::Alias                              | BackendTest-Pipeline-Production/ArtifactsBucketEncryptionKeyAlias (BackendTestPipelineProductionArtifactsBucketEncryptionKeyAlias95F88085)
ElSnPipelineStack | 23/58 | 6:13:18 PM | DELETE_IN_PROGRESS   | AWS::SNS::TopicPolicy                        | ElSn-Pipeline-Prod/Production-Pipeline-SlackNotificationsTopic/Policy (ElSnPipelineProdProductionPipelineSlackNotificationsTopicPolicy70026DA2)
ElSnPipelineStack | 23/58 | 6:13:18 PM | DELETE_IN_PROGRESS   | AWS::IAM::Role                               | BackendTest-Pipeline-Development/Front-End-Test/Front-End-Test/CodePipelineActionRole (BackendTestPipelineDevelopmentFrontEndTestCodePipelineActionRoleC3872834)
ElSnPipelineStack | 23/58 | 6:13:18 PM | DELETE_IN_PROGRESS   | AWS::IAM::Role                               | BackendTest-Pipeline-Development/Role (BackendTestPipelineDevelopmentRoleC7844028)
ElSnPipelineStack | 23/58 | 6:13:18 PM | DELETE_IN_PROGRESS   | AWS::IAM::Role                               | BackendTest-Pipeline-Development/Build-and-Deploy/Build-and-Deploy-Front-and-Back-End/CodePipelineActionRole (BackendTestPipelineDevelopmentBuildandDeployBuildandDeployFrontandBackEndCodePipelineActionRole3FAF86B2)
ElSnPipelineStack | 23/58 | 6:13:18 PM | DELETE_IN_PROGRESS   | AWS::CDK::Metadata                           | CDKMetadata/Default (CDKMetadata)
ElSnPipelineStack | 23/58 | 6:13:18 PM | DELETE_IN_PROGRESS   | AWS::KMS::Alias                              | BackendTest-Pipeline-Development/ArtifactsBucketEncryptionKeyAlias (BackendTestPipelineDevelopmentArtifactsBucketEncryptionKeyAliasE385BF9E)
ElSnPipelineStack | 23/58 | 6:13:18 PM | DELETE_IN_PROGRESS   | AWS::IAM::Role                               | BackendTest-Pipeline-Production/Front-End-Test/Front-End-Test/CodePipelineActionRole (BackendTestPipelineProductionFrontEndTestCodePipelineActionRoleCBDF2EEE)
ElSnPipelineStack | 23/58 | 6:13:18 PM | DELETE_IN_PROGRESS   | AWS::IAM::Role                               | BackendTest-Pipeline-Production/Back-End-Test/Back-End-Test/CodePipelineActionRole (BackendTestPipelineProductionBackEndTestCodePipelineActionRoleBAD11ABB)
ElSnPipelineStack | 24/58 | 6:13:18 PM | DELETE_COMPLETE      | AWS::CodeBuild::Project                      | ElSn-BackEndTest-PipelineProject-Productionaaa778899PRODUCTProduction (ElSnBackEndTestPipelineProjectProductionaaa778899PRODUCTProduction48BD22B1)
ElSnPipelineStack | 25/58 | 6:13:18 PM | DELETE_COMPLETE      | AWS::CodeBuild::Project                      | ElSn-Pipeline-Dev/ElSn-BackEndTest-PipelineProject-Developmentaaa778899PRODUCTDevelopment (ElSnPipelineDevElSnBackEndTestPipelineProjectDevelopmentaaa778899PRODUCTDevelopmentCA963B1A)
ElSnPipelineStack | 26/58 | 6:13:18 PM | DELETE_COMPLETE      | AWS::CodeBuild::Project                      | ElSn-BackEndTest-PipelineProject-Developmentaaa778899PRODUCTDevelopment (ElSnBackEndTestPipelineProjectDevelopmentaaa778899PRODUCTDevelopment2A6F6BF1)
ElSnPipelineStack | 26/58 | 6:13:18 PM | DELETE_SKIPPED       | AWS::S3::Bucket                              | BackendTest-Pipeline-Production/ArtifactsBucket (BackendTestPipelineProductionArtifactsBucket937C6F73)
ElSnPipelineStack | 27/58 | 6:13:18 PM | DELETE_COMPLETE      | AWS::CodeBuild::Project                      | ElSn-FrontEndTest-PipelineProject-Development (ElSnFrontEndTestPipelineProjectDevelopment73B910AD)
ElSnPipelineStack | 28/58 | 6:13:18 PM | DELETE_COMPLETE      | AWS::CodeBuild::Project                      | ElSn-FrontEndTest-PipelineProject-Production (ElSnFrontEndTestPipelineProjectProduction06E2AF98)
ElSnPipelineStack | 28/58 | 6:13:18 PM | DELETE_SKIPPED       | AWS::S3::Bucket                              | BackendTest-Pipeline-Development/ArtifactsBucket (BackendTestPipelineDevelopmentArtifactsBucket4BE3EF80)
ElSnPipelineStack | 29/58 | 6:13:18 PM | DELETE_COMPLETE      | AWS::CodeBuild::Project                      | ElSn-Pipeline-Prod/ElSn-BackEndTest-PipelineProject-Productionaaa778899PRODUCTProduction (ElSnPipelineProdElSnBackEndTestPipelineProjectProductionaaa778899PRODUCTProductionB49D58A0)
Stack ElSnPipelineStack has an ongoing operation in progress and is not stable (ROLLBACK_IN_PROGRESS)
ElSnPipelineStack | 29/58 | 6:13:19 PM | DELETE_IN_PROGRESS   | AWS::IAM::Role                               | ElSn-Pipeline-Dev/ElSn-BackEndTest-PipelineProject-Developmentaaa778899PRODUCTDevelopment/Role (ElSnPipelineDevElSnBackEndTestPipelineProjectDevelopmentaaa778899PRODUCTDevelopmentRole5569141D)
ElSnPipelineStack | 29/58 | 6:13:19 PM | DELETE_IN_PROGRESS   | AWS::IAM::Role                               | ElSn-BackEndTest-PipelineProject-Developmentaaa778899PRODUCTDevelopment/Role (ElSnBackEndTestPipelineProjectDevelopmentaaa778899PRODUCTDevelopmentRole5D0AAB77)
ElSnPipelineStack | 29/58 | 6:13:19 PM | DELETE_IN_PROGRESS   | AWS::IAM::Role                               | ElSn-FrontEndTest-PipelineProject-Development/Role (ElSnFrontEndTestPipelineProjectDevelopmentRole2BDD21CA)
ElSnPipelineStack | 29/58 | 6:13:19 PM | DELETE_IN_PROGRESS   | AWS::IAM::Role                               | ElSn-FrontEndTest-PipelineProject-Production/Role (ElSnFrontEndTestPipelineProjectProductionRoleB092D041)
ElSnPipelineStack | 29/58 | 6:13:19 PM | DELETE_IN_PROGRESS   | AWS::IAM::Role                               | ElSn-Pipeline-Prod/ElSn-BackEndTest-PipelineProject-Productionaaa778899PRODUCTProduction/Role (ElSnPipelineProdElSnBackEndTestPipelineProjectProductionaaa778899PRODUCTProductionRoleFAE657E1)
ElSnPipelineStack | 29/58 | 6:13:19 PM | DELETE_IN_PROGRESS   | AWS::IAM::Role                               | ElSn-BackEndTest-PipelineProject-Productionaaa778899PRODUCTProduction/Role (ElSnBackEndTestPipelineProjectProductionaaa778899PRODUCTProductionRole8823DA62)
ElSnPipelineStack | 28/58 | 6:13:19 PM | DELETE_COMPLETE      | AWS::SNS::TopicPolicy                        | ElSn-Pipeline-Prod/Production-Pipeline-SlackNotificationsTopic/Policy (ElSnPipelineProdProductionPipelineSlackNotificationsTopicPolicy70026DA2)
ElSnPipelineStack | 27/58 | 6:13:19 PM | DELETE_COMPLETE      | AWS::SNS::TopicPolicy                        | ElSn-Pipeline-Dev/Development-Pipeline-SlackNotificationsTopic/Policy (ElSnPipelineDevDevelopmentPipelineSlackNotificationsTopicPolicyC3D0544C)
ElSnPipelineStack | 26/58 | 6:13:19 PM | DELETE_COMPLETE      | AWS::CDK::Metadata                           | CDKMetadata/Default (CDKMetadata)
ElSnPipelineStack | 26/58 | 6:13:19 PM | DELETE_IN_PROGRESS   | AWS::SNS::Topic                              | ElSn-Pipeline-Prod/Production-Pipeline-SlackNotificationsTopic (ElSnPipelineProdProductionPipelineSlackNotificationsTopicF6C9FB94)
ElSnPipelineStack | 26/58 | 6:13:19 PM | DELETE_IN_PROGRESS   | AWS::SNS::Topic                              | ElSn-Pipeline-Dev/Development-Pipeline-SlackNotificationsTopic (ElSnPipelineDevDevelopmentPipelineSlackNotificationsTopic98DA525C)
Stack ElSnPipelineStack has an ongoing operation in progress and is not stable (ROLLBACK_IN_PROGRESS)
Stack ElSnPipelineStack has an ongoing operation in progress and is not stable (ROLLBACK_IN_PROGRESS)
ElSnPipelineStack | 25/58 | 6:13:30 PM | DELETE_COMPLETE      | AWS::IAM::Role                               | BackendTest-Pipeline-Production/Back-End-Test/Back-End-Test/CodePipelineActionRole (BackendTestPipelineProductionBackEndTestCodePipelineActionRoleBAD11ABB)
ElSnPipelineStack | 24/58 | 6:13:30 PM | DELETE_COMPLETE      | AWS::IAM::Role                               | BackendTest-Pipeline-Development/Build-and-Deploy/Build-and-Deploy-Front-and-Back-End/CodePipelineActionRole (BackendTestPipelineDevelopmentBuildandDeployBuildandDeployFrontandBackEndCodePipelineActionRole3FAF86B2)
ElSnPipelineStack | 23/58 | 6:13:31 PM | DELETE_COMPLETE      | AWS::IAM::Role                               | BackendTest-Pipeline-Development/Front-End-Test/Front-End-Test/CodePipelineActionRole (BackendTestPipelineDevelopmentFrontEndTestCodePipelineActionRoleC3872834)
ElSnPipelineStack | 22/58 | 6:13:31 PM | DELETE_COMPLETE      | AWS::IAM::Role                               | BackendTest-Pipeline-Production/Front-End-Test/Front-End-Test/CodePipelineActionRole (BackendTestPipelineProductionFrontEndTestCodePipelineActionRoleCBDF2EEE)
ElSnPipelineStack | 21/58 | 6:13:31 PM | DELETE_COMPLETE      | AWS::IAM::Role                               | BackendTest-Pipeline-Development/Back-End-Test/Back-End-Test/CodePipelineActionRole (BackendTestPipelineDevelopmentBackEndTestCodePipelineActionRole99455031)
ElSnPipelineStack | 20/58 | 6:13:31 PM | DELETE_COMPLETE      | AWS::IAM::Role                               | BackendTest-Pipeline-Production/Build-and-Deploy/Build-and-Deploy-Front-and-Back-End/CodePipelineActionRole (BackendTestPipelineProductionBuildandDeployBuildandDeployFrontandBackEndCodePipelineActionRoleC28C6FCE)
ElSnPipelineStack | 19/58 | 6:13:31 PM | DELETE_COMPLETE      | AWS::IAM::Role                               | BackendTest-Pipeline-Development/Role (BackendTestPipelineDevelopmentRoleC7844028)
ElSnPipelineStack | 18/58 | 6:13:31 PM | DELETE_COMPLETE      | AWS::IAM::Role                               | BackendTest-Pipeline-Production/Role (BackendTestPipelineProductionRoleA72A3722)
ElSnPipelineStack | 17/58 | 6:13:31 PM | DELETE_COMPLETE      | AWS::IAM::Role                               | ElSn-BackEndTest-PipelineProject-Developmentaaa778899PRODUCTDevelopment/Role (ElSnBackEndTestPipelineProjectDevelopmentaaa778899PRODUCTDevelopmentRole5D0AAB77)
ElSnPipelineStack | 16/58 | 6:13:31 PM | DELETE_COMPLETE      | AWS::IAM::Role                               | ElSn-Pipeline-Dev/ElSn-BackEndTest-PipelineProject-Developmentaaa778899PRODUCTDevelopment/Role (ElSnPipelineDevElSnBackEndTestPipelineProjectDevelopmentaaa778899PRODUCTDevelopmentRole5569141D)
ElSnPipelineStack | 15/58 | 6:13:31 PM | DELETE_COMPLETE      | AWS::IAM::Role                               | ElSn-FrontEndTest-PipelineProject-Production/Role (ElSnFrontEndTestPipelineProjectProductionRoleB092D041)
ElSnPipelineStack | 14/58 | 6:13:31 PM | DELETE_COMPLETE      | AWS::IAM::Role                               | ElSn-BackEndTest-PipelineProject-Productionaaa778899PRODUCTProduction/Role (ElSnBackEndTestPipelineProjectProductionaaa778899PRODUCTProductionRole8823DA62)
ElSnPipelineStack | 13/58 | 6:13:31 PM | DELETE_COMPLETE      | AWS::IAM::Role                               | ElSn-Pipeline-Prod/ElSn-BackEndTest-PipelineProject-Productionaaa778899PRODUCTProduction/Role (ElSnPipelineProdElSnBackEndTestPipelineProjectProductionaaa778899PRODUCTProductionRoleFAE657E1)
Stack ElSnPipelineStack has an ongoing operation in progress and is not stable (ROLLBACK_IN_PROGRESS)
ElSnPipelineStack | 12/58 | 6:13:37 PM | DELETE_COMPLETE      | AWS::IAM::Role                               | ElSn-FrontEndTest-PipelineProject-Development/Role (ElSnFrontEndTestPipelineProjectDevelopmentRole2BDD21CA)
Stack ElSnPipelineStack has an ongoing operation in progress and is not stable (ROLLBACK_IN_PROGRESS)
Stack ElSnPipelineStack has an ongoing operation in progress and is not stable (ROLLBACK_IN_PROGRESS)
Stack ElSnPipelineStack has an ongoing operation in progress and is not stable (ROLLBACK_IN_PROGRESS)
Stack ElSnPipelineStack has an ongoing operation in progress and is not stable (ROLLBACK_IN_PROGRESS)
Stack ElSnPipelineStack has an ongoing operation in progress and is not stable (ROLLBACK_IN_PROGRESS)
ElSnPipelineStack | 11/58 | 6:14:05 PM | DELETE_COMPLETE      | AWS::SNS::Topic                              | ElSn-Pipeline-Prod/Production-Pipeline-SlackNotificationsTopic (ElSnPipelineProdProductionPipelineSlackNotificationsTopicF6C9FB94)
ElSnPipelineStack | 10/58 | 6:14:05 PM | DELETE_COMPLETE      | AWS::SNS::Topic                              | ElSn-Pipeline-Dev/Development-Pipeline-SlackNotificationsTopic (ElSnPipelineDevDevelopmentPipelineSlackNotificationsTopic98DA525C)
Stack ElSnPipelineStack has an ongoing operation in progress and is not stable (ROLLBACK_IN_PROGRESS)
Stack ElSnPipelineStack has an ongoing operation in progress and is not stable (ROLLBACK_IN_PROGRESS)
Stack ElSnPipelineStack has an ongoing operation in progress and is not stable (ROLLBACK_IN_PROGRESS)
ElSnPipelineStack | 11/58 | 6:14:19 PM | DELETE_COMPLETE      | AWS::KMS::Alias                              | BackendTest-Pipeline-Production/ArtifactsBucketEncryptionKeyAlias (BackendTestPipelineProductionArtifactsBucketEncryptionKeyAlias95F88085)
ElSnPipelineStack | 12/58 | 6:14:19 PM | DELETE_COMPLETE      | AWS::KMS::Alias                              | BackendTest-Pipeline-Development/ArtifactsBucketEncryptionKeyAlias (BackendTestPipelineDevelopmentArtifactsBucketEncryptionKeyAliasE385BF9E)
ElSnPipelineStack | 12/58 | 6:14:20 PM | DELETE_IN_PROGRESS   | AWS::KMS::Key                                | BackendTest-Pipeline-Production/ArtifactsBucketEncryptionKey (BackendTestPipelineProductionArtifactsBucketEncryptionKeyDF91F1D8)
ElSnPipelineStack | 12/58 | 6:14:20 PM | DELETE_IN_PROGRESS   | AWS::KMS::Key                                | BackendTest-Pipeline-Development/ArtifactsBucketEncryptionKey (BackendTestPipelineDevelopmentArtifactsBucketEncryptionKey4F0771FB)
Stack ElSnPipelineStack has an ongoing operation in progress and is not stable (ROLLBACK_IN_PROGRESS)
Stack ElSnPipelineStack has an ongoing operation in progress and is not stable (ROLLBACK_IN_PROGRESS)
Stack ElSnPipelineStack has an ongoing operation in progress and is not stable (ROLLBACK_IN_PROGRESS)
ElSnPipelineStack | 11/58 | 6:14:35 PM | DELETE_COMPLETE      | AWS::KMS::Key                                | BackendTest-Pipeline-Production/ArtifactsBucketEncryptionKey (BackendTestPipelineProductionArtifactsBucketEncryptionKeyDF91F1D8)
ElSnPipelineStack | 10/58 | 6:14:36 PM | DELETE_COMPLETE      | AWS::KMS::Key                                | BackendTest-Pipeline-Development/ArtifactsBucketEncryptionKey (BackendTestPipelineDevelopmentArtifactsBucketEncryptionKey4F0771FB)
Stack ElSnPipelineStack has an ongoing operation in progress and is not stable (ROLLBACK_IN_PROGRESS)
Stack ElSnPipelineStack has an ongoing operation in progress and is not stable (ROLLBACK_IN_PROGRESS)
Stack ElSnPipelineStack has an ongoing operation in progress and is not stable (ROLLBACK_IN_PROGRESS)
Stack ElSnPipelineStack has an ongoing operation in progress and is not stable (ROLLBACK_IN_PROGRESS)
Stack ElSnPipelineStack has an ongoing operation in progress and is not stable (ROLLBACK_IN_PROGRESS)
Stack ElSnPipelineStack has an ongoing operation in progress and is not stable (ROLLBACK_IN_PROGRESS)
10/58 Currently in progress: ElSnPipelineStack
Stack ElSnPipelineStack has an ongoing operation in progress and is not stable (ROLLBACK_IN_PROGRESS)
Stack ElSnPipelineStack has an ongoing operation in progress and is not stable (ROLLBACK_IN_PROGRESS)
Stack ElSnPipelineStack has an ongoing operation in progress and is not stable (ROLLBACK_IN_PROGRESS)
Stack ElSnPipelineStack has an ongoing operation in progress and is not stable (ROLLBACK_IN_PROGRESS)
Stack ElSnPipelineStack has an ongoing operation in progress and is not stable (ROLLBACK_IN_PROGRESS)
Stack ElSnPipelineStack has an ongoing operation in progress and is not stable (ROLLBACK_IN_PROGRESS)
Stack ElSnPipelineStack has an ongoing operation in progress and is not stable (ROLLBACK_IN_PROGRESS)
Stack ElSnPipelineStack has an ongoing operation in progress and is not stable (ROLLBACK_IN_PROGRESS)
Stack ElSnPipelineStack has an ongoing operation in progress and is not stable (ROLLBACK_IN_PROGRESS)
Stack ElSnPipelineStack has an ongoing operation in progress and is not stable (ROLLBACK_IN_PROGRESS)
ElSnPipelineStack | 11/58 | 6:15:38 PM | DELETE_COMPLETE      | AWS::Chatbot::SlackChannelConfiguration      | ElSn-Pipeline-Prod/SlackChannel (ElSnPipelineProdSlackChannelDFB9147C)
ElSnPipelineStack | 11/58 | 6:15:38 PM | DELETE_IN_PROGRESS   | AWS::IAM::Role                               | ElSn-Pipeline-Prod/SlackChannel/ConfigurationRole (ElSnPipelineProdSlackChannelConfigurationRoleD1C032D1)
ElSnPipelineStack | 12/58 | 6:15:41 PM | DELETE_COMPLETE      | AWS::Chatbot::SlackChannelConfiguration      | ElSn-Pipeline-Dev/SlackChannel (ElSnPipelineDevSlackChannel9D725597)
ElSnPipelineStack | 12/58 | 6:15:42 PM | DELETE_IN_PROGRESS   | AWS::IAM::Role                               | ElSn-Pipeline-Dev/SlackChannel/ConfigurationRole (ElSnPipelineDevSlackChannelConfigurationRoleB2D910BA)
ElSnPipelineStack | 11/58 | 6:15:50 PM | DELETE_COMPLETE      | AWS::IAM::Role                               | ElSn-Pipeline-Prod/SlackChannel/ConfigurationRole (ElSnPipelineProdSlackChannelConfigurationRoleD1C032D1)
ElSnPipelineStack | 10/58 | 6:16:00 PM | DELETE_COMPLETE      | AWS::IAM::Role                               | ElSn-Pipeline-Dev/SlackChannel/ConfigurationRole (ElSnPipelineDevSlackChannelConfigurationRoleB2D910BA)
ElSnPipelineStack | 11/58 | 6:16:00 PM | ROLLBACK_COMPLETE    | AWS::CloudFormation::Stack                   | ElSnPipelineStack

Failed resources:
ElSnPipelineStack | 6:13:15 PM | CREATE_FAILED        | AWS::CodeBuild::Project                      | ElSn-BackEndTest-PipelineProject-Developmentaaa778899PRODUCTDevelopment (ElSnBackEndTestPipelineProjectDevelopmentaaa778899PRODUCTDevelopment2A6F6BF1) ElSn-BackEndTest-PipelineProject-Developmentaaa778899PRODUCTDevelopment already exists in stack arn:aws:cloudformation:us-west-2:211125473900:stack/ElSnPipelineStack/54100bf0-46fe-11ef-9bdc-0a32862768d5

 âŒ  ElSnPipelineStack failed: Error: The stack named ElSnPipelineStack failed creation, it may need to be manually deleted from the AWS console: ROLLBACK_COMPLETE: ElSn-BackEndTest-PipelineProject-Developmentaaa778899PRODUCTDevelopment already exists in stack arn:aws:cloudformation:us-west-2:211125473900:stack/ElSnPipelineStack/54100bf0-46fe-11ef-9bdc-0a32862768d5
    at prepareAndExecuteChangeSet (C:\Users\16043\Documents\GitHub\e5-1\infrastructure\node_modules\aws-cdk\lib\api\deploy-stack.ts:386:13)
    at processTicksAndRejections (node:internal/process/task_queues:95:5)
    at CdkToolkit.deploy (C:\Users\16043\Documents\GitHub\e5-1\infrastructure\node_modules\aws-cdk\lib\cdk-toolkit.ts:219:24)
    at initCommandLine (C:\Users\16043\Documents\GitHub\e5-1\infrastructure\node_modules\aws-cdk\lib\cli.ts:347:12)
Reading cached notices from C:\Users\16043\.cdk\cache\notices.json

The stack named ElSnPipelineStack failed creation, it may need to be manually deleted from the AWS console: ROLLBACK_COMPLETE: ElSn-BackEndTest-PipelineProject-Developmentaaa778899PRODUCTDevelopment already exists in stack arn:aws:cloudformation:us-west-2:211125473900:stack/ElSnPipelineStack/54100bf0-46fe-11ef-9bdc-0a32862768d5
Error: The stack named ElSnPipelineStack failed creation, it may need to be manually deleted from the AWS console: ROLLBACK_COMPLETE: ElSn-BackEndTest-PipelineProject-Developmentaaa778899PRODUCTDevelopment already exists in stack arn:aws:cloudformation:us-west-2:211125473900:stack/ElSnPipelineStack/54100bf0-46fe-11ef-9bdc-0a32862768d5
    at prepareAndExecuteChangeSet (C:\Users\16043\Documents\GitHub\e5-1\infrastructure\node_modules\aws-cdk\lib\api\deploy-stack.ts:386:13)
    at processTicksAndRejections (node:internal/process/task_queues:95:5)
    at CdkToolkit.deploy (C:\Users\16043\Documents\GitHub\e5-1\infrastructure\node_modules\aws-cdk\lib\cdk-toolkit.ts:219:24)
    at initCommandLine (C:\Users\16043\Documents\GitHub\e5-1\infrastructure\node_modules\aws-cdk\lib\cli.ts:347:12)
error Command failed with exit code 1.
info Visit https://yarnpkg.com/en/docs/cli/run for documentation about this command.
PS C: \Users\16043\Documents\GitHub\e5 - 1\infrastructure > namedBackEndTestPipelineProject_label = namedBackEndTestPipelineProject_label + "778899PRODUCT" + props.environment;